<?xml version="1.0" encoding="UTF-8"?>
<testng-results ignored="0" total="1" passed="1" failed="0" skipped="0">
  <reporter-output>
    <line>
      <![CDATA[Create module]]>
    </line>
  </reporter-output>
  <suite started-at="2022-05-10T11:23:59 IST" name="Suite" finished-at="2022-05-10T11:23:59 IST" duration-ms="186">
    <groups>
    </groups>
    <test started-at="2022-05-10T11:23:59 IST" name="Test" finished-at="2022-05-10T11:23:59 IST" duration-ms="186">
      <class name="com.actitime.testscripts.CustomerModule">
        <test-method signature="testCreateModule()[pri:0, instance:com.actitime.testscripts.CustomerModule@378542de]" started-at="2022-05-10T11:23:59 IST" name="testCreateModule" finished-at="2022-05-10T11:23:59 IST" duration-ms="38" status="PASS">
          <reporter-output>
            <line>
              <![CDATA[Create module]]>
            </line>
          </reporter-output>
        </test-method> <!-- testCreateModule -->
      </class> <!-- com.actitime.testscripts.CustomerModule -->
    </test> <!-- Test -->
  </suite> <!-- Suite -->
</testng-results>
